<?xml version="1.0" encoding="UTF-8"?>
<!-- Generated by org.testng.reporters.JUnitReportReporter -->
<testsuite hostname="C1GF42-Vinay" name="test.testCusService" tests="1" failures="0" timestamp="11 Apr 2018 09:39:06 GMT" time="0.825" errors="0">
  <testcase name="VerifyCUS_With_Tvta_Optin" time="0.825" classname="test.testCusService"/>
</testsuite> <!-- test.testCusService -->
